0 verbose cli /usr/local/bin/node /usr/local/bin/npm
1 info using npm@11.6.2
2 info using node@v24.12.0
3 silly config load:file:/usr/local/lib/node_modules/npm/npmrc
4 silly config load:file:/Users/mohsin/.node_modules/.npmrc
5 silly config load:file:/Users/mohsin/.npmrc
6 silly config load:file:/usr/local/etc/npmrc
7 verbose title npm install socket.io-client
8 verbose argv "--prefix" "/Users/mohsin/.node_modules" "install" "socket.io-client"
9 verbose logfile logs-max:10 dir:/Users/mohsin/Documents/abc/.npm-cache/_logs/2026-01-03T19_57_25_370Z-
10 verbose logfile /Users/mohsin/Documents/abc/.npm-cache/_logs/2026-01-03T19_57_25_370Z-debug-0.log
11 silly logfile start cleaning logs, removing 1 files
12 silly packumentCache heap:4496293888 maxSize:1124073472 maxEntrySize:562036736
13 silly logfile done cleaning log files
14 silly idealTree buildDeps
15 silly fetch manifest socket.io-client@^4.8.3
16 silly packumentCache full:https://registry.npmjs.org/socket.io-client cache-miss
17 http cache https://registry.npmjs.org/socket.io-client 14ms (cache hit)
18 silly packumentCache full:https://registry.npmjs.org/socket.io-client set size:410355 disposed:false
19 silly placeDep ROOT socket.io-client@4.8.3 REPLACE for:  want: ^4.8.3
20 silly reify moves {}
21 verbose cwd /Users/mohsin/Documents/abc/swapNShare-backend-main
22 verbose os Darwin 24.6.0
23 verbose node v24.12.0
24 verbose npm  v11.6.2
25 verbose exit 0
26 info ok
