0 verbose cli /usr/local/bin/node /usr/local/bin/npm
1 info using npm@11.6.2
2 info using node@v24.12.0
3 silly config load:file:/usr/local/lib/node_modules/npm/npmrc
4 silly config load:file:/Users/mohsin/.node_modules/.npmrc
5 silly config load:file:/Users/mohsin/.npmrc
6 silly config load:file:/usr/local/etc/npmrc
7 verbose title npm install socket.io-client
8 verbose argv "--prefix" "/Users/mohsin/.node_modules" "install" "socket.io-client"
9 verbose logfile logs-max:10 dir:/Users/mohsin/Documents/abc/.npm-cache/_logs/2026-01-03T19_57_22_656Z-
10 verbose logfile /Users/mohsin/Documents/abc/.npm-cache/_logs/2026-01-03T19_57_22_656Z-debug-0.log
11 silly logfile start cleaning logs, removing 1 files
12 silly packumentCache heap:4496293888 maxSize:1124073472 maxEntrySize:562036736
13 silly logfile done cleaning log files
14 silly idealTree buildDeps
15 silly fetch manifest socket.io-client@*
16 silly packumentCache full:https://registry.npmjs.org/socket.io-client cache-miss
17 http cache https://registry.npmjs.org/socket.io-client 13ms (cache hit)
18 silly packumentCache full:https://registry.npmjs.org/socket.io-client set size:410355 disposed:false
19 silly placeDep ROOT socket.io-client@4.8.3 OK for:  want: *
20 silly fetch manifest @socket.io/component-emitter@~3.1.0
21 silly packumentCache full:https://registry.npmjs.org/@socket.io%2fcomponent-emitter cache-miss
22 silly fetch manifest debug@~4.4.1
23 silly packumentCache full:https://registry.npmjs.org/debug cache-miss
24 silly fetch manifest engine.io-client@~6.6.1
25 silly packumentCache full:https://registry.npmjs.org/engine.io-client cache-miss
26 silly fetch manifest socket.io-parser@~4.2.4
27 silly packumentCache full:https://registry.npmjs.org/socket.io-parser cache-miss
28 http cache https://registry.npmjs.org/debug 8ms (cache hit)
29 silly packumentCache full:https://registry.npmjs.org/debug set size:195840 disposed:false
30 http cache https://registry.npmjs.org/socket.io-parser 10ms (cache hit)
31 silly packumentCache full:https://registry.npmjs.org/socket.io-parser set size:120299 disposed:false
32 http cache https://registry.npmjs.org/engine.io-client 13ms (cache hit)
33 silly packumentCache full:https://registry.npmjs.org/engine.io-client set size:469044 disposed:false
34 http cache https://registry.npmjs.org/@socket.io%2fcomponent-emitter 18ms (cache hit)
35 silly packumentCache full:https://registry.npmjs.org/@socket.io%2fcomponent-emitter set size:14099 disposed:false
36 silly placeDep ROOT @socket.io/component-emitter@3.1.2 OK for: socket.io-client@4.8.3 want: ~3.1.0
37 silly placeDep ROOT debug@4.4.3 OK for: socket.io-client@4.8.3 want: ~4.4.1
38 silly placeDep ROOT engine.io-client@6.6.4 OK for: socket.io-client@4.8.3 want: ~6.6.1
39 silly placeDep ROOT socket.io-parser@4.2.5 OK for: socket.io-client@4.8.3 want: ~4.2.4
40 silly fetch manifest ms@^2.1.3
41 silly packumentCache full:https://registry.npmjs.org/ms cache-miss
42 silly fetch manifest engine.io-parser@~5.2.1
43 silly packumentCache full:https://registry.npmjs.org/engine.io-parser cache-miss
44 silly fetch manifest ws@~8.18.3
45 silly packumentCache full:https://registry.npmjs.org/ws cache-miss
46 silly fetch manifest xmlhttprequest-ssl@~2.1.1
47 silly packumentCache full:https://registry.npmjs.org/xmlhttprequest-ssl cache-miss
48 http cache https://registry.npmjs.org/ms 7ms (cache hit)
49 silly packumentCache full:https://registry.npmjs.org/ms set size:92208 disposed:false
50 http cache https://registry.npmjs.org/ws 12ms (cache hit)
51 silly packumentCache full:https://registry.npmjs.org/ws set size:410901 disposed:false
52 http cache https://registry.npmjs.org/engine.io-parser 16ms (cache hit)
53 silly packumentCache full:https://registry.npmjs.org/engine.io-parser set size:116455 disposed:false
54 http cache https://registry.npmjs.org/xmlhttprequest-ssl 16ms (cache hit)
55 silly packumentCache full:https://registry.npmjs.org/xmlhttprequest-ssl set size:41046 disposed:false
56 silly placeDep ROOT ms@2.1.3 OK for: debug@4.4.3 want: ^2.1.3
57 silly fetch manifest bufferutil@^4.0.1
58 silly packumentCache full:https://registry.npmjs.org/bufferutil cache-miss
59 http cache https://registry.npmjs.org/bufferutil 5ms (cache hit)
60 silly packumentCache full:https://registry.npmjs.org/bufferutil set size:52763 disposed:false
61 silly fetch manifest utf-8-validate@>=5.0.2
62 silly packumentCache full:https://registry.npmjs.org/utf-8-validate cache-miss
63 http cache https://registry.npmjs.org/utf-8-validate 3ms (cache hit)
64 silly packumentCache full:https://registry.npmjs.org/utf-8-validate set size:77148 disposed:false
65 silly placeDep ROOT engine.io-parser@5.2.3 OK for: engine.io-client@6.6.4 want: ~5.2.1
66 silly placeDep ROOT ws@8.18.3 OK for: engine.io-client@6.6.4 want: ~8.18.3
67 silly placeDep ROOT xmlhttprequest-ssl@2.1.2 OK for: engine.io-client@6.6.4 want: ~2.1.1
68 silly reify moves {}
69 http cache ws@https://registry.npmjs.org/ws/-/ws-8.18.3.tgz 0ms (cache hit)
70 http cache xmlhttprequest-ssl@https://registry.npmjs.org/xmlhttprequest-ssl/-/xmlhttprequest-ssl-2.1.2.tgz 0ms (cache hit)
71 http cache socket.io-parser@https://registry.npmjs.org/socket.io-parser/-/socket.io-parser-4.2.5.tgz 0ms (cache hit)
72 http cache debug@https://registry.npmjs.org/debug/-/debug-4.4.3.tgz 0ms (cache hit)
73 http cache engine.io-client@https://registry.npmjs.org/engine.io-client/-/engine.io-client-6.6.4.tgz 0ms (cache hit)
74 http cache engine.io-parser@https://registry.npmjs.org/engine.io-parser/-/engine.io-parser-5.2.3.tgz 0ms (cache hit)
75 http cache @socket.io/component-emitter@https://registry.npmjs.org/@socket.io/component-emitter/-/component-emitter-3.1.2.tgz 0ms (cache hit)
76 http cache ms@https://registry.npmjs.org/ms/-/ms-2.1.3.tgz 0ms (cache hit)
77 http cache socket.io-client@https://registry.npmjs.org/socket.io-client/-/socket.io-client-4.8.3.tgz 0ms (cache hit)
78 warn tar TAR_ENTRY_ERROR ENOENT: no such file or directory, lstat '/Users/mohsin/.node_modules/node_modules/engine.io-client/build/cjs'
79 silly tar TAR_ENTRY_ERROR ENOENT: no such file or directory, lstat '/Users/mohsin/.node_modules/node_modules/engine.io-client/build/cjs' [Error: ENOENT: no such file or directory, lstat '/Users/mohsin/.node_modules/node_modules/engine.io-client/build/cjs'] {
79 silly tar   errno: -2,
79 silly tar   code: 'ENOENT',
79 silly tar   syscall: 'lstat',
79 silly tar   path: '/Users/mohsin/.node_modules/node_modules/engine.io-client/build/cjs',
79 silly tar   entry: ReadEntry {
79 silly tar     _events: [Object: null prototype] { end: [Array] },
79 silly tar     _eventsCount: 1,
79 silly tar     _maxListeners: undefined,
79 silly tar     writable: false,
79 silly tar     readable: true,
79 silly tar     extended: undefined,
79 silly tar     globalExtended: undefined,
79 silly tar     header: Header {
79 silly tar       cksumValid: true,
79 silly tar       needPax: false,
79 silly tar       nullBlock: false,
79 silly tar       block: undefined,
79 silly tar       path: 'package/build/cjs/globals.js',
79 silly tar       mode: 420,
79 silly tar       uid: undefined,
79 silly tar       gid: undefined,
79 silly tar       size: 813,
79 silly tar       cksum: 5716,
79 silly tar       linkpath: '',
79 silly tar       uname: '',
79 silly tar       gname: '',
79 silly tar       devmaj: 0,
79 silly tar       devmin: 0,
79 silly tar       atime: undefined,
79 silly tar       ctime: undefined,
79 silly tar       mtime: 1985-10-26T08:15:00.000Z,
79 silly tar       charset: undefined,
79 silly tar       comment: undefined
79 silly tar     },
79 silly tar     startBlockSize: 1024,
79 silly tar     blockRemain: 0,
79 silly tar     remain: 0,
79 silly tar     type: 'File',
79 silly tar     meta: false,
79 silly tar     ignore: false,
79 silly tar     path: 'build/cjs/globals.js',
79 silly tar     mode: 438,
79 silly tar     uid: undefined,
79 silly tar     gid: undefined,
79 silly tar     uname: '',
79 silly tar     gname: '',
79 silly tar     size: 813,
79 silly tar     mtime: 1985-10-26T08:15:00.000Z,
79 silly tar     atime: undefined,
79 silly tar     ctime: undefined,
79 silly tar     linkpath: undefined,
79 silly tar     dev: undefined,
79 silly tar     ino: undefined,
79 silly tar     nlink: undefined,
79 silly tar     invalid: false,
79 silly tar     absolute: '/Users/mohsin/.node_modules/node_modules/engine.io-client/build/cjs/globals.js',
79 silly tar     unsupported: false,
79 silly tar     Symbol(shapeMode): false,
79 silly tar     Symbol(kCapture): false,
79 silly tar     Symbol(flowing): false,
79 silly tar     Symbol(paused): true,
79 silly tar     Symbol(pipes): [],
79 silly tar     Symbol(buffer): [
79 silly tar       <Buffer 22 75 73 65 20 73 74 72 69 63 74 22 3b 0a 4f 62 6a 65 63 74 2e 64 65 66 69 6e 65 50 72 6f 70 65 72 74 79 28 65 78 70 6f 72 74 73 2c 20 22 5f 5f 65 73 ... 763 more bytes>
79 silly tar     ],
79 silly tar     Symbol(objectMode): false,
79 silly tar     Symbol(encoding): null,
79 silly tar     Symbol(async): false,
79 silly tar     Symbol(decoder): null,
79 silly tar     Symbol(EOF): true,
79 silly tar     Symbol(emittedEnd): false,
79 silly tar     Symbol(emittingEnd): false,
79 silly tar     Symbol(closed): false,
79 silly tar     Symbol(emittedError): null,
79 silly tar     Symbol(bufferLength): 813,
79 silly tar     Symbol(destroyed): false,
79 silly tar     Symbol(signal): undefined,
79 silly tar     Symbol(aborted): false,
79 silly tar     Symbol(dataListeners): 0,
79 silly tar     Symbol(discarded): false
79 silly tar   },
79 silly tar   cwd: '/Users/mohsin/.node_modules/node_modules/engine.io-client',
79 silly tar   tarCode: 'TAR_ENTRY_ERROR'
79 silly tar }
80 silly ADD node_modules/xmlhttprequest-ssl
81 silly ADD node_modules/ws
82 silly ADD node_modules/engine.io-parser
83 silly ADD node_modules/ms
84 silly ADD node_modules/socket.io-parser
85 silly ADD node_modules/engine.io-client
86 silly ADD node_modules/debug
87 silly ADD node_modules/@socket.io/component-emitter
88 silly ADD node_modules/socket.io-client
89 verbose cwd /Users/mohsin/Documents/abc/swapNShare-backend-main
90 verbose os Darwin 24.6.0
91 verbose node v24.12.0
92 verbose npm  v11.6.2
93 verbose exit 0
94 info ok
