0 verbose cli /usr/local/bin/node /usr/local/bin/npm
1 info using npm@11.6.2
2 info using node@v24.12.0
3 silly config load:file:/usr/local/lib/node_modules/npm/npmrc
4 silly config load:file:/Users/mohsin/.node_modules/.npmrc
5 silly config load:file:/Users/mohsin/.npmrc
6 silly config load:file:/usr/local/etc/npmrc
7 verbose title npm install socket.io-client
8 verbose argv "--prefix" "/Users/mohsin/.node_modules" "install" "socket.io-client"
9 verbose logfile logs-max:10 dir:/Users/mohsin/Documents/abc/.npm-cache/_logs/2026-01-03T19_57_22_756Z-
10 verbose logfile /Users/mohsin/Documents/abc/.npm-cache/_logs/2026-01-03T19_57_22_756Z-debug-0.log
11 silly logfile start cleaning logs, removing 2 files
12 silly packumentCache heap:4496293888 maxSize:1124073472 maxEntrySize:562036736
13 silly logfile done cleaning log files
14 silly idealTree buildDeps
15 silly fetch manifest socket.io-client@*
16 silly packumentCache full:https://registry.npmjs.org/socket.io-client cache-miss
17 http cache https://registry.npmjs.org/socket.io-client 15ms (cache hit)
18 silly packumentCache full:https://registry.npmjs.org/socket.io-client set size:410355 disposed:false
19 silly placeDep ROOT socket.io-client@4.8.3 OK for:  want: *
20 silly fetch manifest @socket.io/component-emitter@~3.1.0
21 silly packumentCache full:https://registry.npmjs.org/@socket.io%2fcomponent-emitter cache-miss
22 silly fetch manifest debug@~4.4.1
23 silly packumentCache full:https://registry.npmjs.org/debug cache-miss
24 silly fetch manifest engine.io-client@~6.6.1
25 silly packumentCache full:https://registry.npmjs.org/engine.io-client cache-miss
26 silly fetch manifest socket.io-parser@~4.2.4
27 silly packumentCache full:https://registry.npmjs.org/socket.io-parser cache-miss
28 http cache https://registry.npmjs.org/@socket.io%2fcomponent-emitter 8ms (cache hit)
29 silly packumentCache full:https://registry.npmjs.org/@socket.io%2fcomponent-emitter set size:14099 disposed:false
30 http cache https://registry.npmjs.org/socket.io-parser 9ms (cache hit)
31 silly packumentCache full:https://registry.npmjs.org/socket.io-parser set size:120299 disposed:false
32 http cache https://registry.npmjs.org/debug 12ms (cache hit)
33 silly packumentCache full:https://registry.npmjs.org/debug set size:195840 disposed:false
34 http cache https://registry.npmjs.org/engine.io-client 14ms (cache hit)
35 silly packumentCache full:https://registry.npmjs.org/engine.io-client set size:469044 disposed:false
36 silly placeDep ROOT @socket.io/component-emitter@3.1.2 OK for: socket.io-client@4.8.3 want: ~3.1.0
37 silly placeDep ROOT debug@4.4.3 OK for: socket.io-client@4.8.3 want: ~4.4.1
38 silly placeDep ROOT engine.io-client@6.6.4 OK for: socket.io-client@4.8.3 want: ~6.6.1
39 silly placeDep ROOT socket.io-parser@4.2.5 OK for: socket.io-client@4.8.3 want: ~4.2.4
40 silly fetch manifest ms@^2.1.3
41 silly packumentCache full:https://registry.npmjs.org/ms cache-miss
42 silly fetch manifest engine.io-parser@~5.2.1
43 silly packumentCache full:https://registry.npmjs.org/engine.io-parser cache-miss
44 silly fetch manifest ws@~8.18.3
45 silly packumentCache full:https://registry.npmjs.org/ws cache-miss
46 silly fetch manifest xmlhttprequest-ssl@~2.1.1
47 silly packumentCache full:https://registry.npmjs.org/xmlhttprequest-ssl cache-miss
48 http cache https://registry.npmjs.org/engine.io-parser 8ms (cache hit)
49 silly packumentCache full:https://registry.npmjs.org/engine.io-parser set size:116455 disposed:false
50 http cache https://registry.npmjs.org/ms 9ms (cache hit)
51 silly packumentCache full:https://registry.npmjs.org/ms set size:92208 disposed:false
52 http cache https://registry.npmjs.org/xmlhttprequest-ssl 13ms (cache hit)
53 silly packumentCache full:https://registry.npmjs.org/xmlhttprequest-ssl set size:41046 disposed:false
54 http cache https://registry.npmjs.org/ws 14ms (cache hit)
55 silly packumentCache full:https://registry.npmjs.org/ws set size:410901 disposed:false
56 silly placeDep ROOT ms@2.1.3 OK for: debug@4.4.3 want: ^2.1.3
57 silly fetch manifest bufferutil@^4.0.1
58 silly packumentCache full:https://registry.npmjs.org/bufferutil cache-miss
59 http cache https://registry.npmjs.org/bufferutil 3ms (cache hit)
60 silly packumentCache full:https://registry.npmjs.org/bufferutil set size:52763 disposed:false
61 silly fetch manifest utf-8-validate@>=5.0.2
62 silly packumentCache full:https://registry.npmjs.org/utf-8-validate cache-miss
63 http cache https://registry.npmjs.org/utf-8-validate 5ms (cache hit)
64 silly packumentCache full:https://registry.npmjs.org/utf-8-validate set size:77148 disposed:false
65 silly placeDep ROOT engine.io-parser@5.2.3 OK for: engine.io-client@6.6.4 want: ~5.2.1
66 silly placeDep ROOT ws@8.18.3 OK for: engine.io-client@6.6.4 want: ~8.18.3
67 silly placeDep ROOT xmlhttprequest-ssl@2.1.2 OK for: engine.io-client@6.6.4 want: ~2.1.1
68 silly reify moves {}
69 http cache ms@https://registry.npmjs.org/ms/-/ms-2.1.3.tgz 0ms (cache hit)
70 http cache debug@https://registry.npmjs.org/debug/-/debug-4.4.3.tgz 0ms (cache hit)
71 http cache xmlhttprequest-ssl@https://registry.npmjs.org/xmlhttprequest-ssl/-/xmlhttprequest-ssl-2.1.2.tgz 0ms (cache hit)
72 http cache engine.io-client@https://registry.npmjs.org/engine.io-client/-/engine.io-client-6.6.4.tgz 0ms (cache hit)
73 verbose stack Error: ENOTEMPTY: directory not empty, rmdir '/Users/mohsin/.node_modules/node_modules/ws/lib'
74 error code ENOTEMPTY
75 error syscall rmdir
76 error path /Users/mohsin/.node_modules/node_modules/ws/lib
77 error errno -66
78 error ENOTEMPTY: directory not empty, rmdir '/Users/mohsin/.node_modules/node_modules/ws/lib'
79 silly unfinished npm timer reify 1767470243362
80 silly unfinished npm timer reify:unpack 1767470243477
81 silly unfinished npm timer reifyNode:node_modules/ws 1767470243478
82 silly unfinished npm timer reifyNode:node_modules/engine.io-parser 1767470243478
83 silly unfinished npm timer reifyNode:node_modules/socket.io-parser 1767470243478
84 silly unfinished npm timer reifyNode:node_modules/@socket.io/component-emitter 1767470243478
85 silly unfinished npm timer reifyNode:node_modules/socket.io-client 1767470243478
86 verbose cwd /Users/mohsin/Documents/abc/swapNShare-backend-main
87 verbose os Darwin 24.6.0
88 verbose node v24.12.0
89 verbose npm  v11.6.2
90 verbose exit -66
91 verbose code -66
92 error A complete log of this run can be found in: /Users/mohsin/Documents/abc/.npm-cache/_logs/2026-01-03T19_57_22_756Z-debug-0.log
